2020-06-21 08:26:42pm:\ sqlite3 file exists:C:/leaflet_data/NCMIR_5387986_b/0.sqllite32020-06-21 08:26:42pm:
Try local file:C:/leaflet_data/NCMIR_5387986_b/0/1/0/0.png2020-06-21 08:26:42pm:
Using ssd local file:C:/leaflet_data/NCMIR_5387986_b/0/1/0/0.png2020-06-21 08:26:42pm:
C:/leaflet_data/NCMIR_5387986_b/0/1/0/0.png-----0.030591011047363seconds-----Read time:0.0173020362854--------Process time:0.00890898704528812020-06-21 08:26:42pm:
-----------------------------------------------------------------------------------------------------------------------
2020-06-21 08:26:42pm:\ sqlite3 file exists:C:/leaflet_data/NCMIR_5387986_b/0.sqllite32020-06-21 08:26:42pm:
Try local file:C:/leaflet_data/NCMIR_5387986_b/0/1/1/1.png2020-06-21 08:26:42pm:
Using ssd local file:C:/leaflet_data/NCMIR_5387986_b/0/1/1/1.png2020-06-21 08:26:42pm:
C:/leaflet_data/NCMIR_5387986_b/0/1/1/1.png-----0.020720958709717seconds-----Read time:0.01439905166626--------Process time:0.00503206253051762020-06-21 08:26:42pm:
-----------------------------------------------------------------------------------------------------------------------
2020-06-21 08:26:42pm:\ sqlite3 file exists:C:/leaflet_data/NCMIR_5387986_b/0.sqllite32020-06-21 08:26:42pm:
Try local file:C:/leaflet_data/NCMIR_5387986_b/0/1/1/0.png2020-06-21 08:26:42pm:
Using ssd local file:C:/leaflet_data/NCMIR_5387986_b/0/1/1/0.png2020-06-21 08:26:42pm:
C:/leaflet_data/NCMIR_5387986_b/0/1/1/0.png-----0.020202875137329seconds-----Read time:0.01397705078125--------Process time:0.00465703010559082020-06-21 08:26:42pm:
-----------------------------------------------------------------------------------------------------------------------
2020-06-21 08:26:42pm:\ sqlite3 file exists:C:/leaflet_data/NCMIR_5387986_b/0.sqllite32020-06-21 08:26:42pm:
Try local file:C:/leaflet_data/NCMIR_5387986_b/0/1/-1/1.png2020-06-21 08:26:42pm:
--------0.015556812286377seconds-----Read time:0.01017689704895--------Process time:0.00444102287292482020-06-21 08:26:42pm:
-----------------------------------------------------------------------------------------------------------------------
2020-06-21 08:26:42pm:\ sqlite3 file exists:C:/leaflet_data/NCMIR_5387986_b/0.sqllite32020-06-21 08:26:42pm:
Try local file:C:/leaflet_data/NCMIR_5387986_b/0/1/0/1.png2020-06-21 08:26:42pm:
Using ssd local file:C:/leaflet_data/NCMIR_5387986_b/0/1/0/1.png2020-06-21 08:26:42pm:
C:/leaflet_data/NCMIR_5387986_b/0/1/0/1.png-----0.019697904586792seconds-----Read time:0.01373815536499--------Process time:0.00482678413391112020-06-21 08:26:42pm:
-----------------------------------------------------------------------------------------------------------------------
2020-06-21 08:26:42pm:\ sqlite3 file exists:C:/leaflet_data/NCMIR_5387986_b/0.sqllite32020-06-21 08:26:42pm:
Try local file:C:/leaflet_data/NCMIR_5387986_b/0/1/2/1.png2020-06-21 08:26:42pm:
Using placeholder file:C:/leaflet_data/NCMIR_5387986_b/0.tar/0/1/2/1.png2020-06-21 08:26:42pm:
C:/leaflet_data/NCMIR_5387986_b/0.tar/0/1/2/1.png-----0.13888502120972seconds-----Read time:0.13825297355652--------Process time:8.1062316894531E-62020-06-21 08:26:42pm:
-----------------------------------------------------------------------------------------------------------------------
2020-06-21 08:26:42pm:\ sqlite3 file exists:C:/leaflet_data/NCMIR_5387986_b/0.sqllite32020-06-21 08:26:42pm:
Try local file:C:/leaflet_data/NCMIR_5387986_b/0/1/-1/0.png2020-06-21 08:26:42pm:
--------0.021710157394409seconds-----Read time:0.016150951385498--------Process time:0.00462198257446292020-06-21 08:26:42pm:
-----------------------------------------------------------------------------------------------------------------------
2020-06-21 08:26:42pm:\ sqlite3 file exists:C:/leaflet_data/NCMIR_5387986_b/0.sqllite32020-06-21 08:26:42pm:
Try local file:C:/leaflet_data/NCMIR_5387986_b/0/1/2/0.png2020-06-21 08:26:43pm:
Using placeholder file:C:/leaflet_data/NCMIR_5387986_b/0.tar/0/1/2/0.png2020-06-21 08:26:43pm:
C:/leaflet_data/NCMIR_5387986_b/0.tar/0/1/2/0.png-----0.18527412414551seconds-----Read time:0.18493914604187--------Process time:1.8119812011719E-52020-06-21 08:26:43pm:
-----------------------------------------------------------------------------------------------------------------------
2020-06-21 08:26:43pm:\ sqlite3 file exists:C:/leaflet_data/NCMIR_5387986_b/0.sqllite32020-06-21 08:26:43pm:
Try local file:C:/leaflet_data/NCMIR_5387986_b/0/1/-2/1.png2020-06-21 08:26:43pm:
--------0.015854120254517seconds-----Read time:0.010607004165649--------Process time:0.00435996055603032020-06-21 08:26:43pm:
-----------------------------------------------------------------------------------------------------------------------
2020-06-21 08:26:43pm:\ sqlite3 file exists:C:/leaflet_data/NCMIR_5387986_b/0.sqllite32020-06-21 08:26:43pm:
Try local file:C:/leaflet_data/NCMIR_5387986_b/0/1/3/1.png2020-06-21 08:26:43pm:
Using placeholder file:C:/leaflet_data/NCMIR_5387986_b/0.tar/0/1/3/1.png2020-06-21 08:26:43pm:
C:/leaflet_data/NCMIR_5387986_b/0.tar/0/1/3/1.png-----0.087751865386963seconds-----Read time:0.08741307258606--------Process time:8.1062316894531E-62020-06-21 08:26:43pm:
-----------------------------------------------------------------------------------------------------------------------
2020-06-21 08:26:43pm:\ sqlite3 file exists:C:/leaflet_data/NCMIR_5387986_b/0.sqllite32020-06-21 08:26:43pm:
Try local file:C:/leaflet_data/NCMIR_5387986_b/0/1/-2/0.png2020-06-21 08:26:43pm:
--------0.016926050186157seconds-----Read time:0.011230945587158--------Process time:0.00455713272094732020-06-21 08:26:43pm:
-----------------------------------------------------------------------------------------------------------------------
2020-06-21 08:26:43pm:\ sqlite3 file exists:C:/leaflet_data/NCMIR_5387986_b/0.sqllite32020-06-21 08:26:43pm:
Try local file:C:/leaflet_data/NCMIR_5387986_b/0/1/3/0.png2020-06-21 08:26:43pm:
Using placeholder file:C:/leaflet_data/NCMIR_5387986_b/0.tar/0/1/3/0.png2020-06-21 08:26:43pm:
C:/leaflet_data/NCMIR_5387986_b/0.tar/0/1/3/0.png-----0.13883996009827seconds-----Read time:0.13835906982422--------Process time:8.1062316894531E-62020-06-21 08:26:43pm:
-----------------------------------------------------------------------------------------------------------------------
