2020-08-05 01:17:57pm:
Try local file:C:/leaflet_data/NCMIR_test1/0/1/0/1.png2020-08-05 01:17:57pm:
 sqlite3 file exists:C:/leaflet_data/NCMIR_test1/0.sqllite32020-08-05 01:17:57pm:
select data_bin from images where path = '1/0/1.png'2020-08-05 01:17:57pm:
--------0.029445171356201seconds-----Read time:0.021866083145142--------Process time:0.00638079643249512020-08-05 01:17:57pm:
-----------------------------------------------------------------------------------------------------------------------
2020-08-05 01:17:57pm:
Try local file:C:/leaflet_data/NCMIR_test1/0/1/1/1.png2020-08-05 01:17:57pm:
 sqlite3 file exists:C:/leaflet_data/NCMIR_test1/0.sqllite32020-08-05 01:17:57pm:
select data_bin from images where path = '1/1/1.png'2020-08-05 01:17:57pm:
--------0.019269943237305seconds-----Read time:0.013396024703979--------Process time:0.00473713874816892020-08-05 01:17:57pm:
-----------------------------------------------------------------------------------------------------------------------
2020-08-05 01:17:57pm:
Try local file:C:/leaflet_data/NCMIR_test1/0/1/0/0.png2020-08-05 01:17:57pm:
 sqlite3 file exists:C:/leaflet_data/NCMIR_test1/0.sqllite32020-08-05 01:17:57pm:
select data_bin from images where path = '1/0/0.png'2020-08-05 01:17:57pm:
--------0.019243955612183seconds-----Read time:0.013844966888428--------Process time:0.00447583198547362020-08-05 01:17:57pm:
-----------------------------------------------------------------------------------------------------------------------
2020-08-05 01:17:57pm:
Try local file:C:/leaflet_data/NCMIR_test1/0/1/-1/1.png2020-08-05 01:17:57pm:
--------0.010649919509888seconds-----Read time:0.0045950412750244--------Process time:0.00514292716979982020-08-05 01:17:57pm:
-----------------------------------------------------------------------------------------------------------------------
2020-08-05 01:17:57pm:
Try local file:C:/leaflet_data/NCMIR_test1/0/1/1/0.png2020-08-05 01:17:57pm:
 sqlite3 file exists:C:/leaflet_data/NCMIR_test1/0.sqllite32020-08-05 01:17:57pm:
select data_bin from images where path = '1/1/0.png'2020-08-05 01:17:57pm:
--------0.020358085632324seconds-----Read time:0.014836072921753--------Process time:0.0046269893646242020-08-05 01:17:57pm:
-----------------------------------------------------------------------------------------------------------------------
2020-08-05 01:17:57pm:
Try local file:C:/leaflet_data/NCMIR_test1/0/1/2/1.png2020-08-05 01:17:57pm:
 sqlite3 file exists:C:/leaflet_data/NCMIR_test1/0.sqllite32020-08-05 01:17:57pm:
select data_bin from images where path = '1/2/1.png'2020-08-05 01:17:57pm:
--------0.019923210144043seconds-----Read time:0.014349937438965--------Process time:0.00449299812316892020-08-05 01:17:57pm:
-----------------------------------------------------------------------------------------------------------------------
2020-08-05 01:17:57pm:
Try local file:C:/leaflet_data/NCMIR_test1/0/1/-1/0.png2020-08-05 01:17:57pm:
--------0.011014938354492seconds-----Read time:0.0056931972503662--------Process time:0.00438594818115232020-08-05 01:17:57pm:
-----------------------------------------------------------------------------------------------------------------------
2020-08-05 01:17:57pm:
Try local file:C:/leaflet_data/NCMIR_test1/0/1/2/0.png2020-08-05 01:17:57pm:
 sqlite3 file exists:C:/leaflet_data/NCMIR_test1/0.sqllite32020-08-05 01:17:57pm:
select data_bin from images where path = '1/2/0.png'2020-08-05 01:17:57pm:
--------0.02505087852478seconds-----Read time:0.016087055206299--------Process time:0.00701403617858892020-08-05 01:17:57pm:
-----------------------------------------------------------------------------------------------------------------------
2020-08-05 01:17:57pm:
Try local file:C:/leaflet_data/NCMIR_test1/0/1/-2/1.png2020-08-05 01:17:57pm:
--------0.011281967163086seconds-----Read time:0.0052409172058105--------Process time:0.00481605529785162020-08-05 01:17:57pm:
-----------------------------------------------------------------------------------------------------------------------
2020-08-05 01:17:57pm:
Try local file:C:/leaflet_data/NCMIR_test1/0/1/3/1.png2020-08-05 01:17:57pm:
 sqlite3 file exists:C:/leaflet_data/NCMIR_test1/0.sqllite32020-08-05 01:17:57pm:
select data_bin from images where path = '1/3/1.png'2020-08-05 01:17:57pm:
--------0.02434515953064seconds-----Read time:0.017460823059082--------Process time:0.00595283508300782020-08-05 01:17:57pm:
-----------------------------------------------------------------------------------------------------------------------
2020-08-05 01:17:57pm:
Try local file:C:/leaflet_data/NCMIR_test1/0/1/-2/0.png2020-08-05 01:17:57pm:
--------0.010683059692383seconds-----Read time:0.0055711269378662--------Process time:0.00418591499328612020-08-05 01:17:57pm:
-----------------------------------------------------------------------------------------------------------------------
2020-08-05 01:17:57pm:
Try local file:C:/leaflet_data/NCMIR_test1/0/1/3/0.png2020-08-05 01:17:57pm:
 sqlite3 file exists:C:/leaflet_data/NCMIR_test1/0.sqllite32020-08-05 01:17:57pm:
select data_bin from images where path = '1/3/0.png'2020-08-05 01:17:57pm:
--------0.02476692199707seconds-----Read time:0.017001152038574--------Process time:0.00664496421813962020-08-05 01:17:57pm:
-----------------------------------------------------------------------------------------------------------------------
